ISim log file
Running: C:\Users\Bruger\Documents\Atmel Studio\7.0\3ugers_06.06.19\3-Ugers-Sommer-2019\waveform_generator_v3\SigGenTop_tb_v2_isim_beh.exe -intstyle ise -gui -tclbatch isim.cmd -wdb C:/Users/Bruger/Documents/Atmel Studio/7.0/3ugers_06.06.19/3-Ugers-Sommer-2019/waveform_generator_v3/SigGenTop_tb_v2_isim_beh.wdb 
INFO: There is another simulation running in the same directory. Using database file name isim1.wdb.
ISim P.68d (signature 0x8ef4fb42)
WARNING: A WEBPACK license was found.
WARNING: Please use Xilinx License Configuration Manager to check out a full ISim license.
WARNING: ISim will run in Lite mode. Please refer to the ISim documentation for more information on the differences between the Lite and the Full version.
This is a Lite version of ISim.
Time resolution is 1 ps
# onerror resume
# wave add /
# run 1000 ns
Simulator is doing circuit initialization process.
at 0 ps, Instance /siggentop_tb_v2/uut/U2/ : Warning: There is an 'U'|'X'|'W'|'Z'|'-' in an arithmetic operand, the result will be 'X'(es).
Finished circuit initialization process.
at 5 ns(1), Instance /siggentop_tb_v2/uut/U2/SinusDec/U0/native_mem_module/mem_module/ : Warning: CONV_INTEGER: There is an 'U'|'X'|'W'|'Z'|'-' in an arithmetic operand, and it has been converted to 0.
# run 7000ns
# run 7000ns
# run 7000ns
# restart
# run 7000ns
Simulator is doing circuit initialization process.
Finished circuit initialization process.
at 5 ns(1), Instance /siggentop_tb_v2/uut/U2/SinusDec/U0/native_mem_module/mem_module/ : Warning: CONV_INTEGER: There is an 'U'|'X'|'W'|'Z'|'-' in an arithmetic operand, and it has been converted to 0.
# run 7000ns
# run 7000ns
# run 7000ns
