Command line:
   SigGenTopNy_TB_isim_beh.exe
     -simmode  gui
     -simrunnum  0
     -socket  50707

Thu Jun 13 11:18:33 2019


 Elaboration Time: 0.234375 sec

 Current Memory Usage: 1167.04 Meg

 Total Signals          : 389
 Total Nets             : 33518
 Total Signal Drivers   : 128
 Total Blocks           : 36
 Total Primitive Blocks : 24
 Total Processes        : 87
 Total Traceable Variables  : 234
 Total Scalar Nets and Variables : 35005
Total Line Count : 739

 Total Simulation Time: 0.328125 sec

 Current Memory Usage: 1009.49 Meg

Thu Jun 13 11:20:20 2019

