Release 14.6 - xst P.68d (nt)
Copyright (c) 1995-2013 Xilinx, Inc.  All rights reserved.
--> Parameter TMPDIR set to xst/projnav.tmp


Total REAL time to Xst completion: 0.00 secs
Total CPU time to Xst completion: 0.23 secs
 
--> Parameter xsthdpdir set to xst


Total REAL time to Xst completion: 0.00 secs
Total CPU time to Xst completion: 0.23 secs
 
--> Reading design: BTN_styr_TB.prj

TABLE OF CONTENTS
  1) Synthesis Options Summary
  2) HDL Compilation
  3) Design Hierarchy Analysis
  4) HDL Analysis
  5) HDL Synthesis
     5.1) HDL Synthesis Report
  6) Advanced HDL Synthesis
     6.1) Advanced HDL Synthesis Report
  7) Low Level Synthesis
  8) Partition Report
  9) Final Report
	9.1) Device utilization summary
	9.2) Partition Resource Summary
	9.3) TIMING REPORT


=========================================================================
*                      Synthesis Options Summary                        *
=========================================================================
---- Source Parameters
Input File Name                    : "BTN_styr_TB.prj"
Input Format                       : mixed
Ignore Synthesis Constraint File   : NO

---- Target Parameters
Output File Name                   : "BTN_styr_TB"
Output Format                      : NGC
Target Device                      : xc3s100e-4-cp132

---- Source Options
Top Module Name                    : BTN_styr_TB
Automatic FSM Extraction           : YES
FSM Encoding Algorithm             : Auto
Safe Implementation                : No
FSM Style                          : LUT
RAM Extraction                     : Yes
RAM Style                          : Auto
ROM Extraction                     : Yes
Mux Style                          : Auto
Decoder Extraction                 : YES
Priority Encoder Extraction        : Yes
Shift Register Extraction          : YES
Logical Shifter Extraction         : YES
XOR Collapsing                     : YES
ROM Style                          : Auto
Mux Extraction                     : Yes
Resource Sharing                   : YES
Asynchronous To Synchronous        : NO
Multiplier Style                   : Auto
Automatic Register Balancing       : No

---- Target Options
Add IO Buffers                     : YES
Global Maximum Fanout              : 500
Add Generic Clock Buffer(BUFG)     : 24
Register Duplication               : YES
Slice Packing                      : YES
Optimize Instantiated Primitives   : NO
Use Clock Enable                   : Yes
Use Synchronous Set                : Yes
Use Synchronous Reset              : Yes
Pack IO Registers into IOBs        : Auto
Equivalent register Removal        : YES

---- General Options
Optimization Goal                  : Speed
Optimization Effort                : 1
Keep Hierarchy                     : No
Netlist Hierarchy                  : As_Optimized
RTL Output                         : Yes
Global Optimization                : AllClockNets
Read Cores                         : YES
Write Timing Constraints           : NO
Cross Clock Analysis               : NO
Hierarchy Separator                : /
Bus Delimiter                      : <>
Case Specifier                     : Maintain
Slice Utilization Ratio            : 100
BRAM Utilization Ratio             : 100
Verilog 2001                       : YES
Auto BRAM Packing                  : NO
Slice Utilization Ratio Delta      : 5

=========================================================================


=========================================================================
*                          HDL Compilation                              *
=========================================================================
Compiling vhdl file "C:/Users/Bruger/Documents/Atmel Studio/7.0/3ugers_06.06.19/3-Ugers-Sommer-2019/Waveform_generator_v2/BTN_STYR.vhd" in Library work.
Entity <BTN_STYR> compiled.
Entity <BTN_STYR> (Architecture <Behavioral>) compiled.
Compiling vhdl file "C:/Users/Bruger/Documents/Atmel Studio/7.0/3ugers_06.06.19/3-Ugers-Sommer-2019/Waveform_generator_v2/BTN_styr_TB.vhd" in Library work.
Entity <BTN_styr_TB> compiled.
ERROR:HDLParsers:1015 - "C:/Users/Bruger/Documents/Atmel Studio/7.0/3ugers_06.06.19/3-Ugers-Sommer-2019/Waveform_generator_v2/BTN_styr_TB.vhd" Line 92. Wait for statement unsupported.
ERROR:HDLParsers:1015 - "C:/Users/Bruger/Documents/Atmel Studio/7.0/3ugers_06.06.19/3-Ugers-Sommer-2019/Waveform_generator_v2/BTN_styr_TB.vhd" Line 94. Wait for statement unsupported.
ERROR:HDLParsers:1015 - "C:/Users/Bruger/Documents/Atmel Studio/7.0/3ugers_06.06.19/3-Ugers-Sommer-2019/Waveform_generator_v2/BTN_styr_TB.vhd" Line 104. Wait for statement unsupported.
ERROR:HDLParsers:1015 - "C:/Users/Bruger/Documents/Atmel Studio/7.0/3ugers_06.06.19/3-Ugers-Sommer-2019/Waveform_generator_v2/BTN_styr_TB.vhd" Line 108. Wait for statement unsupported.
ERROR:HDLParsers:1015 - "C:/Users/Bruger/Documents/Atmel Studio/7.0/3ugers_06.06.19/3-Ugers-Sommer-2019/Waveform_generator_v2/BTN_styr_TB.vhd" Line 110. Wait for statement unsupported.
ERROR:HDLParsers:1015 - "C:/Users/Bruger/Documents/Atmel Studio/7.0/3ugers_06.06.19/3-Ugers-Sommer-2019/Waveform_generator_v2/BTN_styr_TB.vhd" Line 112. Wait for statement unsupported.
ERROR:HDLParsers:1015 - "C:/Users/Bruger/Documents/Atmel Studio/7.0/3ugers_06.06.19/3-Ugers-Sommer-2019/Waveform_generator_v2/BTN_styr_TB.vhd" Line 114. Wait for statement unsupported.
ERROR:HDLParsers:1015 - "C:/Users/Bruger/Documents/Atmel Studio/7.0/3ugers_06.06.19/3-Ugers-Sommer-2019/Waveform_generator_v2/BTN_styr_TB.vhd" Line 116. Wait for statement unsupported.
ERROR:HDLParsers:1015 - "C:/Users/Bruger/Documents/Atmel Studio/7.0/3ugers_06.06.19/3-Ugers-Sommer-2019/Waveform_generator_v2/BTN_styr_TB.vhd" Line 118. Wait for statement unsupported.
ERROR:HDLParsers:1015 - "C:/Users/Bruger/Documents/Atmel Studio/7.0/3ugers_06.06.19/3-Ugers-Sommer-2019/Waveform_generator_v2/BTN_styr_TB.vhd" Line 120. Wait for statement unsupported.
ERROR:HDLParsers:1015 - "C:/Users/Bruger/Documents/Atmel Studio/7.0/3ugers_06.06.19/3-Ugers-Sommer-2019/Waveform_generator_v2/BTN_styr_TB.vhd" Line 124. Wait for statement unsupported.
ERROR:HDLParsers:1015 - "C:/Users/Bruger/Documents/Atmel Studio/7.0/3ugers_06.06.19/3-Ugers-Sommer-2019/Waveform_generator_v2/BTN_styr_TB.vhd" Line 126. Wait for statement unsupported.
ERROR:HDLParsers:1015 - "C:/Users/Bruger/Documents/Atmel Studio/7.0/3ugers_06.06.19/3-Ugers-Sommer-2019/Waveform_generator_v2/BTN_styr_TB.vhd" Line 128. Wait for statement unsupported.
ERROR:HDLParsers:1015 - "C:/Users/Bruger/Documents/Atmel Studio/7.0/3ugers_06.06.19/3-Ugers-Sommer-2019/Waveform_generator_v2/BTN_styr_TB.vhd" Line 130. Wait for statement unsupported.
ERROR:HDLParsers:1015 - "C:/Users/Bruger/Documents/Atmel Studio/7.0/3ugers_06.06.19/3-Ugers-Sommer-2019/Waveform_generator_v2/BTN_styr_TB.vhd" Line 132. Wait for statement unsupported.
ERROR:HDLParsers:1015 - "C:/Users/Bruger/Documents/Atmel Studio/7.0/3ugers_06.06.19/3-Ugers-Sommer-2019/Waveform_generator_v2/BTN_styr_TB.vhd" Line 134. Wait for statement unsupported.
ERROR:HDLParsers:1015 - "C:/Users/Bruger/Documents/Atmel Studio/7.0/3ugers_06.06.19/3-Ugers-Sommer-2019/Waveform_generator_v2/BTN_styr_TB.vhd" Line 136. Wait for statement unsupported.
ERROR:HDLParsers:1015 - "C:/Users/Bruger/Documents/Atmel Studio/7.0/3ugers_06.06.19/3-Ugers-Sommer-2019/Waveform_generator_v2/BTN_styr_TB.vhd" Line 138. Wait for statement unsupported.
ERROR:HDLParsers:1015 - "C:/Users/Bruger/Documents/Atmel Studio/7.0/3ugers_06.06.19/3-Ugers-Sommer-2019/Waveform_generator_v2/BTN_styr_TB.vhd" Line 140. Wait for statement unsupported.
ERROR:HDLParsers:1015 - "C:/Users/Bruger/Documents/Atmel Studio/7.0/3ugers_06.06.19/3-Ugers-Sommer-2019/Waveform_generator_v2/BTN_styr_TB.vhd" Line 142. Wait for statement unsupported.
ERROR:HDLParsers:1015 - "C:/Users/Bruger/Documents/Atmel Studio/7.0/3ugers_06.06.19/3-Ugers-Sommer-2019/Waveform_generator_v2/BTN_styr_TB.vhd" Line 144. Wait for statement unsupported.
ERROR:HDLParsers:1015 - "C:/Users/Bruger/Documents/Atmel Studio/7.0/3ugers_06.06.19/3-Ugers-Sommer-2019/Waveform_generator_v2/BTN_styr_TB.vhd" Line 146. Wait for statement unsupported.
ERROR:HDLParsers:1015 - "C:/Users/Bruger/Documents/Atmel Studio/7.0/3ugers_06.06.19/3-Ugers-Sommer-2019/Waveform_generator_v2/BTN_styr_TB.vhd" Line 148. Wait for statement unsupported.
ERROR:HDLParsers:1015 - "C:/Users/Bruger/Documents/Atmel Studio/7.0/3ugers_06.06.19/3-Ugers-Sommer-2019/Waveform_generator_v2/BTN_styr_TB.vhd" Line 150. Wait for statement unsupported.
ERROR:HDLParsers:1015 - "C:/Users/Bruger/Documents/Atmel Studio/7.0/3ugers_06.06.19/3-Ugers-Sommer-2019/Waveform_generator_v2/BTN_styr_TB.vhd" Line 152. Wait for statement unsupported.
ERROR:HDLParsers:1015 - "C:/Users/Bruger/Documents/Atmel Studio/7.0/3ugers_06.06.19/3-Ugers-Sommer-2019/Waveform_generator_v2/BTN_styr_TB.vhd" Line 154. Wait for statement unsupported.
ERROR:HDLParsers:1015 - "C:/Users/Bruger/Documents/Atmel Studio/7.0/3ugers_06.06.19/3-Ugers-Sommer-2019/Waveform_generator_v2/BTN_styr_TB.vhd" Line 156. Wait for statement unsupported.
ERROR:HDLParsers:1015 - "C:/Users/Bruger/Documents/Atmel Studio/7.0/3ugers_06.06.19/3-Ugers-Sommer-2019/Waveform_generator_v2/BTN_styr_TB.vhd" Line 158. Wait for statement unsupported.
ERROR:HDLParsers:1015 - "C:/Users/Bruger/Documents/Atmel Studio/7.0/3ugers_06.06.19/3-Ugers-Sommer-2019/Waveform_generator_v2/BTN_styr_TB.vhd" Line 160. Wait for statement unsupported.
ERROR:HDLParsers:1015 - "C:/Users/Bruger/Documents/Atmel Studio/7.0/3ugers_06.06.19/3-Ugers-Sommer-2019/Waveform_generator_v2/BTN_styr_TB.vhd" Line 162. Wait for statement unsupported.
ERROR:HDLParsers:1015 - "C:/Users/Bruger/Documents/Atmel Studio/7.0/3ugers_06.06.19/3-Ugers-Sommer-2019/Waveform_generator_v2/BTN_styr_TB.vhd" Line 164. Wait for statement unsupported.
ERROR:HDLParsers:1015 - "C:/Users/Bruger/Documents/Atmel Studio/7.0/3ugers_06.06.19/3-Ugers-Sommer-2019/Waveform_generator_v2/BTN_styr_TB.vhd" Line 166. Wait for statement unsupported.
ERROR:HDLParsers:1015 - "C:/Users/Bruger/Documents/Atmel Studio/7.0/3ugers_06.06.19/3-Ugers-Sommer-2019/Waveform_generator_v2/BTN_styr_TB.vhd" Line 168. Wait for statement unsupported.
--> 

Total memory usage is 261580 kilobytes

Number of errors   :   33 (   0 filtered)
Number of warnings :    0 (   0 filtered)
Number of infos    :    0 (   0 filtered)

